2017-08-04 09:13:46,378 DEBUG StandardServletEnvironment [MutablePropertySources.java:109] Adding [servletConfigInitParams] PropertySource with lowest search precedence
2017-08-04 09:13:46,383 DEBUG StandardServletEnvironment [MutablePropertySources.java:109] Adding [servletContextInitParams] PropertySource with lowest search precedence
2017-08-04 09:13:46,384 DEBUG StandardServletEnvironment [MutablePropertySources.java:109] Adding [systemProperties] PropertySource with lowest search precedence
2017-08-04 09:13:46,384 DEBUG StandardServletEnvironment [MutablePropertySources.java:109] Adding [systemEnvironment] PropertySource with lowest search precedence
2017-08-04 09:13:46,385 DEBUG StandardServletEnvironment [AbstractEnvironment.java:124] Initialized StandardServletEnvironment with PropertySources [servletConfigInitParams,servletContextInitParams,systemProperties,systemEnvironment]
2017-08-04 09:13:46,432 INFO  ResourceServerApplication [StartupInfoLogger.java:48] Starting ResourceServerApplication on IgorPEO with PID 7992 (D:\projects\new2\ssoTemplate\resource-server\target\classes started by Igor in D:\projects\new2\ssoTemplate)
2017-08-04 09:13:46,433 INFO  ResourceServerApplication [SpringApplication.java:593] No active profile set, falling back to default profiles: default
2017-08-04 09:13:46,521 INFO  AnnotationConfigEmbeddedWebApplicationContext [AbstractApplicationContext.java:583] Refreshing org.springframework.boot.context.embedded.AnnotationConfigEmbeddedWebApplicationContext@4c40b76e: startup date [Fri Aug 04 09:13:46 EET 2017]; root of context hierarchy
2017-08-04 09:13:46,735 INFO  Version [Version.java:30] HV000001: Hibernate Validator 5.3.5.Final
2017-08-04 09:13:47,229 DEBUG StandardServletEnvironment [MutablePropertySources.java:137] Adding [applicationConfig: [classpath:/application.properties]] PropertySource with search precedence immediately lower than [applicationConfigurationProperties]
2017-08-04 09:13:47,230 DEBUG StandardServletEnvironment [MutablePropertySources.java:159] Removing [applicationConfigurationProperties] PropertySource
2017-08-04 09:13:47,230 DEBUG StandardServletEnvironment [MutablePropertySources.java:159] Removing [defaultProperties] PropertySource
2017-08-04 09:13:47,560 INFO  TomcatEmbeddedServletContainer [TomcatEmbeddedServletContainer.java:89] Tomcat initialized with port(s): 8082 (http)
2017-08-04 09:13:47,568 INFO  StandardService [DirectJDKLog.java:179] Starting service [Tomcat]
2017-08-04 09:13:47,569 INFO  StandardEngine [DirectJDKLog.java:179] Starting Servlet Engine: Apache Tomcat/8.5.16
2017-08-04 09:13:47,646 INFO  [/resource-server] [DirectJDKLog.java:179] Initializing Spring embedded WebApplicationContext
2017-08-04 09:13:47,646 DEBUG ContextLoader [EmbeddedWebApplicationContext.java:268] Published root WebApplicationContext as ServletContext attribute with name [org.springframework.web.context.WebApplicationContext.ROOT]
2017-08-04 09:13:47,646 INFO  ContextLoader [EmbeddedWebApplicationContext.java:276] Root WebApplicationContext: initialization completed in 1129 ms
2017-08-04 09:13:47,770 INFO  FilterRegistrationBean [AbstractFilterRegistrationBean.java:258] Mapping filter: 'characterEncodingFilter' to: [/*]
2017-08-04 09:13:47,771 INFO  FilterRegistrationBean [AbstractFilterRegistrationBean.java:258] Mapping filter: 'hiddenHttpMethodFilter' to: [/*]
2017-08-04 09:13:47,771 INFO  FilterRegistrationBean [AbstractFilterRegistrationBean.java:258] Mapping filter: 'httpPutFormContentFilter' to: [/*]
2017-08-04 09:13:47,771 INFO  FilterRegistrationBean [AbstractFilterRegistrationBean.java:258] Mapping filter: 'requestContextFilter' to: [/*]
2017-08-04 09:13:47,772 INFO  DelegatingFilterProxyRegistrationBean [AbstractFilterRegistrationBean.java:258] Mapping filter: 'springSecurityFilterChain' to: [/*]
2017-08-04 09:13:47,773 INFO  FilterRegistrationBean [AbstractFilterRegistrationBean.java:258] Mapping filter: 'simpleCORSFilter' to: [/*]
2017-08-04 09:13:47,773 INFO  ServletRegistrationBean [ServletRegistrationBean.java:190] Mapping servlet: 'dispatcherServlet' to [/]
2017-08-04 09:13:47,793 DEBUG StandardServletEnvironment [MutablePropertySources.java:174] Replacing [servletContextInitParams] PropertySource with [servletContextInitParams]
2017-08-04 09:13:47,812 WARN  AnnotationConfigEmbeddedWebApplicationContext [AbstractApplicationContext.java:551] Exception encountered during context initialization - cancelling refresh attempt: org.springframework.beans.factory.UnsatisfiedDependencyException: Error creating bean with name 'candidateController': Unsatisfied dependency expressed through field 'service'; nested exception is org.springframework.beans.factory.UnsatisfiedDependencyException: Error creating bean with name 'candidateServiceImpl': Unsatisfied dependency expressed through field 'dao'; nested exception is org.springframework.beans.factory.BeanCreationException: Error creating bean with name 'candidateDaoImpl': Injection of autowired dependencies failed; nested exception is java.lang.IllegalArgumentException: Could not resolve placeholder 'candidate.getAll' in value "${candidate.getAll}"
2017-08-04 09:13:47,813 INFO  StandardService [DirectJDKLog.java:179] Stopping service [Tomcat]
2017-08-04 09:13:47,839 INFO  AutoConfigurationReportLoggingInitializer [AutoConfigurationReportLoggingInitializer.java:101] 

Error starting ApplicationContext. To display the auto-configuration report re-run your application with 'debug' enabled.
2017-08-04 09:13:47,846 ERROR SpringApplication [SpringApplication.java:771] Application startup failed
org.springframework.beans.factory.UnsatisfiedDependencyException: Error creating bean with name 'candidateController': Unsatisfied dependency expressed through field 'service'; nested exception is org.springframework.beans.factory.UnsatisfiedDependencyException: Error creating bean with name 'candidateServiceImpl': Unsatisfied dependency expressed through field 'dao'; nested exception is org.springframework.beans.factory.BeanCreationException: Error creating bean with name 'candidateDaoImpl': Injection of autowired dependencies failed; nested exception is java.lang.IllegalArgumentException: Could not resolve placeholder 'candidate.getAll' in value "${candidate.getAll}"
	at org.springframework.beans.factory.annotation.AutowiredAnnotationBeanPostProcessor$AutowiredFieldElement.inject(AutowiredAnnotationBeanPostProcessor.java:588)
	at org.springframework.beans.factory.annotation.InjectionMetadata.inject(InjectionMetadata.java:88)
	at org.springframework.beans.factory.annotation.AutowiredAnnotationBeanPostProcessor.postProcessPropertyValues(AutowiredAnnotationBeanPostProcessor.java:366)
	at org.springframework.beans.factory.support.AbstractAutowireCapableBeanFactory.populateBean(AbstractAutowireCapableBeanFactory.java:1264)
	at org.springframework.beans.factory.support.AbstractAutowireCapableBeanFactory.doCreateBean(AbstractAutowireCapableBeanFactory.java:553)
	at org.springframework.beans.factory.support.AbstractAutowireCapableBeanFactory.createBean(AbstractAutowireCapableBeanFactory.java:483)
	at org.springframework.beans.factory.support.AbstractBeanFactory$1.getObject(AbstractBeanFactory.java:306)
	at org.springframework.beans.factory.support.DefaultSingletonBeanRegistry.getSingleton(DefaultSingletonBeanRegistry.java:230)
	at org.springframework.beans.factory.support.AbstractBeanFactory.doGetBean(AbstractBeanFactory.java:302)
	at org.springframework.beans.factory.support.AbstractBeanFactory.getBean(AbstractBeanFactory.java:197)
	at org.springframework.beans.factory.support.DefaultListableBeanFactory.preInstantiateSingletons(DefaultListableBeanFactory.java:761)
	at org.springframework.context.support.AbstractApplicationContext.finishBeanFactoryInitialization(AbstractApplicationContext.java:867)
	at org.springframework.context.support.AbstractApplicationContext.refresh(AbstractApplicationContext.java:543)
	at org.springframework.boot.context.embedded.EmbeddedWebApplicationContext.refresh(EmbeddedWebApplicationContext.java:122)
	at org.springframework.boot.SpringApplication.refresh(SpringApplication.java:693)
	at org.springframework.boot.SpringApplication.refreshContext(SpringApplication.java:360)
	at org.springframework.boot.SpringApplication.run(SpringApplication.java:303)
	at org.springframework.boot.SpringApplication.run(SpringApplication.java:1118)
	at org.springframework.boot.SpringApplication.run(SpringApplication.java:1107)
	at mrigor.ResourceServerApplication.main(ResourceServerApplication.java:12)
Caused by: org.springframework.beans.factory.UnsatisfiedDependencyException: Error creating bean with name 'candidateServiceImpl': Unsatisfied dependency expressed through field 'dao'; nested exception is org.springframework.beans.factory.BeanCreationException: Error creating bean with name 'candidateDaoImpl': Injection of autowired dependencies failed; nested exception is java.lang.IllegalArgumentException: Could not resolve placeholder 'candidate.getAll' in value "${candidate.getAll}"
	at org.springframework.beans.factory.annotation.AutowiredAnnotationBeanPostProcessor$AutowiredFieldElement.inject(AutowiredAnnotationBeanPostProcessor.java:588)
	at org.springframework.beans.factory.annotation.InjectionMetadata.inject(InjectionMetadata.java:88)
	at org.springframework.beans.factory.annotation.AutowiredAnnotationBeanPostProcessor.postProcessPropertyValues(AutowiredAnnotationBeanPostProcessor.java:366)
	at org.springframework.beans.factory.support.AbstractAutowireCapableBeanFactory.populateBean(AbstractAutowireCapableBeanFactory.java:1264)
	at org.springframework.beans.factory.support.AbstractAutowireCapableBeanFactory.doCreateBean(AbstractAutowireCapableBeanFactory.java:553)
	at org.springframework.beans.factory.support.AbstractAutowireCapableBeanFactory.createBean(AbstractAutowireCapableBeanFactory.java:483)
	at org.springframework.beans.factory.support.AbstractBeanFactory$1.getObject(AbstractBeanFactory.java:306)
	at org.springframework.beans.factory.support.DefaultSingletonBeanRegistry.getSingleton(DefaultSingletonBeanRegistry.java:230)
	at org.springframework.beans.factory.support.AbstractBeanFactory.doGetBean(AbstractBeanFactory.java:302)
	at org.springframework.beans.factory.support.AbstractBeanFactory.getBean(AbstractBeanFactory.java:202)
	at org.springframework.beans.factory.config.DependencyDescriptor.resolveCandidate(DependencyDescriptor.java:208)
	at org.springframework.beans.factory.support.DefaultListableBeanFactory.doResolveDependency(DefaultListableBeanFactory.java:1138)
	at org.springframework.beans.factory.support.DefaultListableBeanFactory.resolveDependency(DefaultListableBeanFactory.java:1066)
	at org.springframework.beans.factory.annotation.AutowiredAnnotationBeanPostProcessor$AutowiredFieldElement.inject(AutowiredAnnotationBeanPostProcessor.java:585)
	... 19 common frames omitted
Caused by: org.springframework.beans.factory.BeanCreationException: Error creating bean with name 'candidateDaoImpl': Injection of autowired dependencies failed; nested exception is java.lang.IllegalArgumentException: Could not resolve placeholder 'candidate.getAll' in value "${candidate.getAll}"
	at org.springframework.beans.factory.annotation.AutowiredAnnotationBeanPostProcessor.postProcessPropertyValues(AutowiredAnnotationBeanPostProcessor.java:372)
	at org.springframework.beans.factory.support.AbstractAutowireCapableBeanFactory.populateBean(AbstractAutowireCapableBeanFactory.java:1264)
	at org.springframework.beans.factory.support.AbstractAutowireCapableBeanFactory.doCreateBean(AbstractAutowireCapableBeanFactory.java:553)
	at org.springframework.beans.factory.support.AbstractAutowireCapableBeanFactory.createBean(AbstractAutowireCapableBeanFactory.java:483)
	at org.springframework.beans.factory.support.AbstractBeanFactory$1.getObject(AbstractBeanFactory.java:306)
	at org.springframework.beans.factory.support.DefaultSingletonBeanRegistry.getSingleton(DefaultSingletonBeanRegistry.java:230)
	at org.springframework.beans.factory.support.AbstractBeanFactory.doGetBean(AbstractBeanFactory.java:302)
	at org.springframework.beans.factory.support.AbstractBeanFactory.getBean(AbstractBeanFactory.java:202)
	at org.springframework.beans.factory.config.DependencyDescriptor.resolveCandidate(DependencyDescriptor.java:208)
	at org.springframework.beans.factory.support.DefaultListableBeanFactory.doResolveDependency(DefaultListableBeanFactory.java:1138)
	at org.springframework.beans.factory.support.DefaultListableBeanFactory.resolveDependency(DefaultListableBeanFactory.java:1066)
	at org.springframework.beans.factory.annotation.AutowiredAnnotationBeanPostProcessor$AutowiredFieldElement.inject(AutowiredAnnotationBeanPostProcessor.java:585)
	... 32 common frames omitted
Caused by: java.lang.IllegalArgumentException: Could not resolve placeholder 'candidate.getAll' in value "${candidate.getAll}"
	at org.springframework.util.PropertyPlaceholderHelper.parseStringValue(PropertyPlaceholderHelper.java:174)
	at org.springframework.util.PropertyPlaceholderHelper.replacePlaceholders(PropertyPlaceholderHelper.java:126)
	at org.springframework.core.env.AbstractPropertyResolver.doResolvePlaceholders(AbstractPropertyResolver.java:236)
	at org.springframework.core.env.AbstractPropertyResolver.resolveRequiredPlaceholders(AbstractPropertyResolver.java:210)
	at org.springframework.context.support.PropertySourcesPlaceholderConfigurer$2.resolveStringValue(PropertySourcesPlaceholderConfigurer.java:172)
	at org.springframework.beans.factory.support.AbstractBeanFactory.resolveEmbeddedValue(AbstractBeanFactory.java:831)
	at org.springframework.beans.factory.support.DefaultListableBeanFactory.doResolveDependency(DefaultListableBeanFactory.java:1086)
	at org.springframework.beans.factory.support.DefaultListableBeanFactory.resolveDependency(DefaultListableBeanFactory.java:1066)
	at org.springframework.beans.factory.annotation.AutowiredAnnotationBeanPostProcessor$AutowiredFieldElement.inject(AutowiredAnnotationBeanPostProcessor.java:585)
	at org.springframework.beans.factory.annotation.InjectionMetadata.inject(InjectionMetadata.java:88)
	at org.springframework.beans.factory.annotation.AutowiredAnnotationBeanPostProcessor.postProcessPropertyValues(AutowiredAnnotationBeanPostProcessor.java:366)
	... 43 common frames omitted
2017-08-04 09:17:58,969 DEBUG StandardServletEnvironment [MutablePropertySources.java:109] Adding [servletConfigInitParams] PropertySource with lowest search precedence
2017-08-04 09:17:58,973 DEBUG StandardServletEnvironment [MutablePropertySources.java:109] Adding [servletContextInitParams] PropertySource with lowest search precedence
2017-08-04 09:17:58,973 DEBUG StandardServletEnvironment [MutablePropertySources.java:109] Adding [systemProperties] PropertySource with lowest search precedence
2017-08-04 09:17:58,973 DEBUG StandardServletEnvironment [MutablePropertySources.java:109] Adding [systemEnvironment] PropertySource with lowest search precedence
2017-08-04 09:17:58,974 DEBUG StandardServletEnvironment [AbstractEnvironment.java:124] Initialized StandardServletEnvironment with PropertySources [servletConfigInitParams,servletContextInitParams,systemProperties,systemEnvironment]
2017-08-04 09:17:59,014 INFO  ResourceServerApplication [StartupInfoLogger.java:48] Starting ResourceServerApplication on IgorPEO with PID 3764 (D:\projects\new2\ssoTemplate\resource-server\target\classes started by Igor in D:\projects\new2\ssoTemplate)
2017-08-04 09:17:59,014 INFO  ResourceServerApplication [SpringApplication.java:593] No active profile set, falling back to default profiles: default
2017-08-04 09:17:59,073 INFO  AnnotationConfigEmbeddedWebApplicationContext [AbstractApplicationContext.java:583] Refreshing org.springframework.boot.context.embedded.AnnotationConfigEmbeddedWebApplicationContext@2ea6137: startup date [Fri Aug 04 09:17:59 EET 2017]; root of context hierarchy
2017-08-04 09:17:59,221 DEBUG StandardServletEnvironment [MutablePropertySources.java:109] Adding [class path resource [sql.properties]] PropertySource with lowest search precedence
2017-08-04 09:17:59,451 INFO  Version [Version.java:30] HV000001: Hibernate Validator 5.3.5.Final
2017-08-04 09:18:00,007 DEBUG StandardServletEnvironment [MutablePropertySources.java:137] Adding [applicationConfig: [classpath:/application.properties]] PropertySource with search precedence immediately lower than [applicationConfigurationProperties]
2017-08-04 09:18:00,008 DEBUG StandardServletEnvironment [MutablePropertySources.java:159] Removing [applicationConfigurationProperties] PropertySource
2017-08-04 09:18:00,008 DEBUG StandardServletEnvironment [MutablePropertySources.java:159] Removing [defaultProperties] PropertySource
2017-08-04 09:18:00,331 INFO  TomcatEmbeddedServletContainer [TomcatEmbeddedServletContainer.java:89] Tomcat initialized with port(s): 8082 (http)
2017-08-04 09:18:00,338 INFO  StandardService [DirectJDKLog.java:179] Starting service [Tomcat]
2017-08-04 09:18:00,339 INFO  StandardEngine [DirectJDKLog.java:179] Starting Servlet Engine: Apache Tomcat/8.5.16
2017-08-04 09:18:00,412 INFO  [/resource-server] [DirectJDKLog.java:179] Initializing Spring embedded WebApplicationContext
2017-08-04 09:18:00,412 DEBUG ContextLoader [EmbeddedWebApplicationContext.java:268] Published root WebApplicationContext as ServletContext attribute with name [org.springframework.web.context.WebApplicationContext.ROOT]
2017-08-04 09:18:00,412 INFO  ContextLoader [EmbeddedWebApplicationContext.java:276] Root WebApplicationContext: initialization completed in 1344 ms
2017-08-04 09:18:00,539 INFO  FilterRegistrationBean [AbstractFilterRegistrationBean.java:258] Mapping filter: 'characterEncodingFilter' to: [/*]
2017-08-04 09:18:00,540 INFO  FilterRegistrationBean [AbstractFilterRegistrationBean.java:258] Mapping filter: 'hiddenHttpMethodFilter' to: [/*]
2017-08-04 09:18:00,540 INFO  FilterRegistrationBean [AbstractFilterRegistrationBean.java:258] Mapping filter: 'httpPutFormContentFilter' to: [/*]
2017-08-04 09:18:00,540 INFO  FilterRegistrationBean [AbstractFilterRegistrationBean.java:258] Mapping filter: 'requestContextFilter' to: [/*]
2017-08-04 09:18:00,542 INFO  DelegatingFilterProxyRegistrationBean [AbstractFilterRegistrationBean.java:258] Mapping filter: 'springSecurityFilterChain' to: [/*]
2017-08-04 09:18:00,542 INFO  FilterRegistrationBean [AbstractFilterRegistrationBean.java:258] Mapping filter: 'simpleCORSFilter' to: [/*]
2017-08-04 09:18:00,542 INFO  ServletRegistrationBean [ServletRegistrationBean.java:190] Mapping servlet: 'dispatcherServlet' to [/]
2017-08-04 09:18:00,562 DEBUG StandardServletEnvironment [MutablePropertySources.java:174] Replacing [servletContextInitParams] PropertySource with [servletContextInitParams]
2017-08-04 09:18:00,580 WARN  AnnotationConfigEmbeddedWebApplicationContext [AbstractApplicationContext.java:551] Exception encountered during context initialization - cancelling refresh attempt: org.springframework.beans.factory.UnsatisfiedDependencyException: Error creating bean with name 'candidateController': Unsatisfied dependency expressed through field 'service'; nested exception is org.springframework.beans.factory.UnsatisfiedDependencyException: Error creating bean with name 'candidateServiceImpl': Unsatisfied dependency expressed through field 'dao'; nested exception is org.springframework.beans.factory.UnsatisfiedDependencyException: Error creating bean with name 'candidateDaoImpl': Unsatisfied dependency expressed through field 'jdbcTemplate'; nested exception is org.springframework.beans.factory.NoSuchBeanDefinitionException: No qualifying bean of type 'org.springframework.jdbc.core.JdbcTemplate' available: expected at least 1 bean which qualifies as autowire candidate. Dependency annotations: {@org.springframework.beans.factory.annotation.Autowired(required=true)}
2017-08-04 09:18:00,582 INFO  StandardService [DirectJDKLog.java:179] Stopping service [Tomcat]
2017-08-04 09:18:00,597 INFO  AutoConfigurationReportLoggingInitializer [AutoConfigurationReportLoggingInitializer.java:101] 

Error starting ApplicationContext. To display the auto-configuration report re-run your application with 'debug' enabled.
2017-08-04 09:18:00,693 ERROR LoggingFailureAnalysisReporter [LoggingFailureAnalysisReporter.java:42] 

***************************
APPLICATION FAILED TO START
***************************

Description:

Field jdbcTemplate in mrigor.dao.jdbc.CandidateDaoImpl required a bean of type 'org.springframework.jdbc.core.JdbcTemplate' that could not be found.
	- Bean method 'jdbcTemplate' not loaded because @ConditionalOnSingleCandidate (types: javax.sql.DataSource; SearchStrategy: all) did not find any beans


Action:

Consider revisiting the conditions above or defining a bean of type 'org.springframework.jdbc.core.JdbcTemplate' in your configuration.

2017-08-04 09:18:25,083 DEBUG StandardServletEnvironment [MutablePropertySources.java:109] Adding [servletConfigInitParams] PropertySource with lowest search precedence
2017-08-04 09:18:25,087 DEBUG StandardServletEnvironment [MutablePropertySources.java:109] Adding [servletContextInitParams] PropertySource with lowest search precedence
2017-08-04 09:18:25,087 DEBUG StandardServletEnvironment [MutablePropertySources.java:109] Adding [systemProperties] PropertySource with lowest search precedence
2017-08-04 09:18:25,088 DEBUG StandardServletEnvironment [MutablePropertySources.java:109] Adding [systemEnvironment] PropertySource with lowest search precedence
2017-08-04 09:18:25,088 DEBUG StandardServletEnvironment [AbstractEnvironment.java:124] Initialized StandardServletEnvironment with PropertySources [servletConfigInitParams,servletContextInitParams,systemProperties,systemEnvironment]
2017-08-04 09:18:25,138 INFO  ResourceServerApplication [StartupInfoLogger.java:48] Starting ResourceServerApplication on IgorPEO with PID 8176 (D:\projects\new2\ssoTemplate\resource-server\target\classes started by Igor in D:\projects\new2\ssoTemplate)
2017-08-04 09:18:25,139 INFO  ResourceServerApplication [SpringApplication.java:593] No active profile set, falling back to default profiles: default
2017-08-04 09:18:25,243 INFO  AnnotationConfigEmbeddedWebApplicationContext [AbstractApplicationContext.java:583] Refreshing org.springframework.boot.context.embedded.AnnotationConfigEmbeddedWebApplicationContext@2ea6137: startup date [Fri Aug 04 09:18:25 EET 2017]; root of context hierarchy
2017-08-04 09:18:25,343 DEBUG StandardServletEnvironment [MutablePropertySources.java:109] Adding [class path resource [sql.properties]] PropertySource with lowest search precedence
2017-08-04 09:18:25,418 INFO  Version [Version.java:30] HV000001: Hibernate Validator 5.3.5.Final
2017-08-04 09:18:26,337 DEBUG StandardServletEnvironment [MutablePropertySources.java:137] Adding [applicationConfig: [classpath:/application.properties]] PropertySource with search precedence immediately lower than [applicationConfigurationProperties]
2017-08-04 09:18:26,337 DEBUG StandardServletEnvironment [MutablePropertySources.java:159] Removing [applicationConfigurationProperties] PropertySource
2017-08-04 09:18:26,338 DEBUG StandardServletEnvironment [MutablePropertySources.java:159] Removing [defaultProperties] PropertySource
2017-08-04 09:18:26,672 INFO  TomcatEmbeddedServletContainer [TomcatEmbeddedServletContainer.java:89] Tomcat initialized with port(s): 8082 (http)
2017-08-04 09:18:26,679 INFO  StandardService [DirectJDKLog.java:179] Starting service [Tomcat]
2017-08-04 09:18:26,680 INFO  StandardEngine [DirectJDKLog.java:179] Starting Servlet Engine: Apache Tomcat/8.5.16
2017-08-04 09:18:26,755 INFO  [/resource-server] [DirectJDKLog.java:179] Initializing Spring embedded WebApplicationContext
2017-08-04 09:18:26,755 DEBUG ContextLoader [EmbeddedWebApplicationContext.java:268] Published root WebApplicationContext as ServletContext attribute with name [org.springframework.web.context.WebApplicationContext.ROOT]
2017-08-04 09:18:26,755 INFO  ContextLoader [EmbeddedWebApplicationContext.java:276] Root WebApplicationContext: initialization completed in 1542 ms
2017-08-04 09:18:26,892 INFO  FilterRegistrationBean [AbstractFilterRegistrationBean.java:258] Mapping filter: 'characterEncodingFilter' to: [/*]
2017-08-04 09:18:26,892 INFO  FilterRegistrationBean [AbstractFilterRegistrationBean.java:258] Mapping filter: 'hiddenHttpMethodFilter' to: [/*]
2017-08-04 09:18:26,893 INFO  FilterRegistrationBean [AbstractFilterRegistrationBean.java:258] Mapping filter: 'httpPutFormContentFilter' to: [/*]
2017-08-04 09:18:26,893 INFO  FilterRegistrationBean [AbstractFilterRegistrationBean.java:258] Mapping filter: 'requestContextFilter' to: [/*]
2017-08-04 09:18:26,894 INFO  DelegatingFilterProxyRegistrationBean [AbstractFilterRegistrationBean.java:258] Mapping filter: 'springSecurityFilterChain' to: [/*]
2017-08-04 09:18:26,894 INFO  FilterRegistrationBean [AbstractFilterRegistrationBean.java:258] Mapping filter: 'simpleCORSFilter' to: [/*]
2017-08-04 09:18:26,894 INFO  ServletRegistrationBean [ServletRegistrationBean.java:190] Mapping servlet: 'dispatcherServlet' to [/]
2017-08-04 09:18:26,913 DEBUG StandardServletEnvironment [MutablePropertySources.java:174] Replacing [servletContextInitParams] PropertySource with [servletContextInitParams]
2017-08-04 09:18:26,930 WARN  AnnotationConfigEmbeddedWebApplicationContext [AbstractApplicationContext.java:551] Exception encountered during context initialization - cancelling refresh attempt: org.springframework.beans.factory.UnsatisfiedDependencyException: Error creating bean with name 'candidateController': Unsatisfied dependency expressed through field 'service'; nested exception is org.springframework.beans.factory.UnsatisfiedDependencyException: Error creating bean with name 'candidateServiceImpl': Unsatisfied dependency expressed through field 'dao'; nested exception is org.springframework.beans.factory.UnsatisfiedDependencyException: Error creating bean with name 'candidateDaoImpl': Unsatisfied dependency expressed through field 'jdbcTemplate'; nested exception is org.springframework.beans.factory.NoSuchBeanDefinitionException: No qualifying bean of type 'org.springframework.jdbc.core.JdbcTemplate' available: expected at least 1 bean which qualifies as autowire candidate. Dependency annotations: {@org.springframework.beans.factory.annotation.Autowired(required=true)}
2017-08-04 09:18:26,931 INFO  StandardService [DirectJDKLog.java:179] Stopping service [Tomcat]
2017-08-04 09:18:26,946 INFO  AutoConfigurationReportLoggingInitializer [AutoConfigurationReportLoggingInitializer.java:101] 

Error starting ApplicationContext. To display the auto-configuration report re-run your application with 'debug' enabled.
2017-08-04 09:18:27,020 ERROR LoggingFailureAnalysisReporter [LoggingFailureAnalysisReporter.java:42] 

***************************
APPLICATION FAILED TO START
***************************

Description:

Field jdbcTemplate in mrigor.dao.jdbc.CandidateDaoImpl required a bean of type 'org.springframework.jdbc.core.JdbcTemplate' that could not be found.
	- Bean method 'jdbcTemplate' not loaded because @ConditionalOnSingleCandidate (types: javax.sql.DataSource; SearchStrategy: all) did not find any beans


Action:

Consider revisiting the conditions above or defining a bean of type 'org.springframework.jdbc.core.JdbcTemplate' in your configuration.

2017-08-04 09:20:11,612 DEBUG StandardServletEnvironment [MutablePropertySources.java:109] Adding [servletConfigInitParams] PropertySource with lowest search precedence
2017-08-04 09:20:11,616 DEBUG StandardServletEnvironment [MutablePropertySources.java:109] Adding [servletContextInitParams] PropertySource with lowest search precedence
2017-08-04 09:20:11,616 DEBUG StandardServletEnvironment [MutablePropertySources.java:109] Adding [systemProperties] PropertySource with lowest search precedence
2017-08-04 09:20:11,617 DEBUG StandardServletEnvironment [MutablePropertySources.java:109] Adding [systemEnvironment] PropertySource with lowest search precedence
2017-08-04 09:20:11,617 DEBUG StandardServletEnvironment [AbstractEnvironment.java:124] Initialized StandardServletEnvironment with PropertySources [servletConfigInitParams,servletContextInitParams,systemProperties,systemEnvironment]
2017-08-04 09:20:11,666 INFO  ResourceServerApplication [StartupInfoLogger.java:48] Starting ResourceServerApplication on IgorPEO with PID 1192 (D:\projects\new2\ssoTemplate\resource-server\target\classes started by Igor in D:\projects\new2\ssoTemplate)
2017-08-04 09:20:11,668 INFO  ResourceServerApplication [SpringApplication.java:593] No active profile set, falling back to default profiles: default
2017-08-04 09:20:11,768 INFO  AnnotationConfigEmbeddedWebApplicationContext [AbstractApplicationContext.java:583] Refreshing org.springframework.boot.context.embedded.AnnotationConfigEmbeddedWebApplicationContext@2ea6137: startup date [Fri Aug 04 09:20:11 EET 2017]; root of context hierarchy
2017-08-04 09:20:11,892 DEBUG StandardServletEnvironment [MutablePropertySources.java:109] Adding [class path resource [sql.properties]] PropertySource with lowest search precedence
2017-08-04 09:20:11,955 INFO  Version [Version.java:30] HV000001: Hibernate Validator 5.3.5.Final
2017-08-04 09:20:12,725 DEBUG StandardServletEnvironment [MutablePropertySources.java:137] Adding [applicationConfig: [classpath:/application.properties]] PropertySource with search precedence immediately lower than [applicationConfigurationProperties]
2017-08-04 09:20:12,726 DEBUG StandardServletEnvironment [MutablePropertySources.java:159] Removing [applicationConfigurationProperties] PropertySource
2017-08-04 09:20:12,726 DEBUG StandardServletEnvironment [MutablePropertySources.java:159] Removing [defaultProperties] PropertySource
2017-08-04 09:20:13,112 INFO  TomcatEmbeddedServletContainer [TomcatEmbeddedServletContainer.java:89] Tomcat initialized with port(s): 8082 (http)
2017-08-04 09:20:13,119 INFO  StandardService [DirectJDKLog.java:179] Starting service [Tomcat]
2017-08-04 09:20:13,120 INFO  StandardEngine [DirectJDKLog.java:179] Starting Servlet Engine: Apache Tomcat/8.5.16
2017-08-04 09:20:13,188 INFO  [/resource-server] [DirectJDKLog.java:179] Initializing Spring embedded WebApplicationContext
2017-08-04 09:20:13,188 DEBUG ContextLoader [EmbeddedWebApplicationContext.java:268] Published root WebApplicationContext as ServletContext attribute with name [org.springframework.web.context.WebApplicationContext.ROOT]
2017-08-04 09:20:13,189 INFO  ContextLoader [EmbeddedWebApplicationContext.java:276] Root WebApplicationContext: initialization completed in 1425 ms
2017-08-04 09:20:13,305 INFO  FilterRegistrationBean [AbstractFilterRegistrationBean.java:258] Mapping filter: 'characterEncodingFilter' to: [/*]
2017-08-04 09:20:13,306 INFO  FilterRegistrationBean [AbstractFilterRegistrationBean.java:258] Mapping filter: 'hiddenHttpMethodFilter' to: [/*]
2017-08-04 09:20:13,306 INFO  FilterRegistrationBean [AbstractFilterRegistrationBean.java:258] Mapping filter: 'httpPutFormContentFilter' to: [/*]
2017-08-04 09:20:13,306 INFO  FilterRegistrationBean [AbstractFilterRegistrationBean.java:258] Mapping filter: 'requestContextFilter' to: [/*]
2017-08-04 09:20:13,307 INFO  DelegatingFilterProxyRegistrationBean [AbstractFilterRegistrationBean.java:258] Mapping filter: 'springSecurityFilterChain' to: [/*]
2017-08-04 09:20:13,307 INFO  FilterRegistrationBean [AbstractFilterRegistrationBean.java:258] Mapping filter: 'simpleCORSFilter' to: [/*]
2017-08-04 09:20:13,308 INFO  ServletRegistrationBean [ServletRegistrationBean.java:190] Mapping servlet: 'dispatcherServlet' to [/]
2017-08-04 09:20:13,327 DEBUG StandardServletEnvironment [MutablePropertySources.java:174] Replacing [servletContextInitParams] PropertySource with [servletContextInitParams]
2017-08-04 09:20:13,345 WARN  AnnotationConfigEmbeddedWebApplicationContext [AbstractApplicationContext.java:551] Exception encountered during context initialization - cancelling refresh attempt: org.springframework.beans.factory.UnsatisfiedDependencyException: Error creating bean with name 'candidateController': Unsatisfied dependency expressed through field 'service'; nested exception is org.springframework.beans.factory.UnsatisfiedDependencyException: Error creating bean with name 'candidateServiceImpl': Unsatisfied dependency expressed through field 'dao'; nested exception is org.springframework.beans.factory.UnsatisfiedDependencyException: Error creating bean with name 'candidateDaoImpl': Unsatisfied dependency expressed through field 'jdbcTemplate'; nested exception is org.springframework.beans.factory.NoSuchBeanDefinitionException: No qualifying bean of type 'org.springframework.jdbc.core.JdbcTemplate' available: expected at least 1 bean which qualifies as autowire candidate. Dependency annotations: {@org.springframework.beans.factory.annotation.Autowired(required=true)}
2017-08-04 09:20:13,347 INFO  StandardService [DirectJDKLog.java:179] Stopping service [Tomcat]
2017-08-04 09:20:13,362 INFO  AutoConfigurationReportLoggingInitializer [AutoConfigurationReportLoggingInitializer.java:101] 

Error starting ApplicationContext. To display the auto-configuration report re-run your application with 'debug' enabled.
2017-08-04 09:20:13,440 ERROR LoggingFailureAnalysisReporter [LoggingFailureAnalysisReporter.java:42] 

***************************
APPLICATION FAILED TO START
***************************

Description:

Field jdbcTemplate in mrigor.dao.jdbc.CandidateDaoImpl required a bean of type 'org.springframework.jdbc.core.JdbcTemplate' that could not be found.
	- Bean method 'jdbcTemplate' not loaded because @ConditionalOnSingleCandidate (types: javax.sql.DataSource; SearchStrategy: all) did not find any beans


Action:

Consider revisiting the conditions above or defining a bean of type 'org.springframework.jdbc.core.JdbcTemplate' in your configuration.

2017-08-04 09:22:47,898 DEBUG StandardServletEnvironment [MutablePropertySources.java:109] Adding [servletConfigInitParams] PropertySource with lowest search precedence
2017-08-04 09:22:47,901 DEBUG StandardServletEnvironment [MutablePropertySources.java:109] Adding [servletContextInitParams] PropertySource with lowest search precedence
2017-08-04 09:22:47,902 DEBUG StandardServletEnvironment [MutablePropertySources.java:109] Adding [systemProperties] PropertySource with lowest search precedence
2017-08-04 09:22:47,902 DEBUG StandardServletEnvironment [MutablePropertySources.java:109] Adding [systemEnvironment] PropertySource with lowest search precedence
2017-08-04 09:22:47,902 DEBUG StandardServletEnvironment [AbstractEnvironment.java:124] Initialized StandardServletEnvironment with PropertySources [servletConfigInitParams,servletContextInitParams,systemProperties,systemEnvironment]
2017-08-04 09:22:47,946 INFO  ResourceServerApplication [StartupInfoLogger.java:48] Starting ResourceServerApplication on IgorPEO with PID 4812 (D:\projects\new2\ssoTemplate\resource-server\target\classes started by Igor in D:\projects\new2\ssoTemplate)
2017-08-04 09:22:47,947 INFO  ResourceServerApplication [SpringApplication.java:593] No active profile set, falling back to default profiles: default
2017-08-04 09:22:48,013 INFO  AnnotationConfigEmbeddedWebApplicationContext [AbstractApplicationContext.java:583] Refreshing org.springframework.boot.context.embedded.AnnotationConfigEmbeddedWebApplicationContext@2ea6137: startup date [Fri Aug 04 09:22:48 EET 2017]; root of context hierarchy
2017-08-04 09:22:48,116 DEBUG StandardServletEnvironment [MutablePropertySources.java:109] Adding [class path resource [sql.properties]] PropertySource with lowest search precedence
2017-08-04 09:22:48,562 INFO  Version [Version.java:30] HV000001: Hibernate Validator 5.3.5.Final
2017-08-04 09:22:49,086 DEBUG StandardServletEnvironment [MutablePropertySources.java:137] Adding [applicationConfig: [classpath:/application.properties]] PropertySource with search precedence immediately lower than [applicationConfigurationProperties]
2017-08-04 09:22:49,087 DEBUG StandardServletEnvironment [MutablePropertySources.java:159] Removing [applicationConfigurationProperties] PropertySource
2017-08-04 09:22:49,087 DEBUG StandardServletEnvironment [MutablePropertySources.java:159] Removing [defaultProperties] PropertySource
2017-08-04 09:22:49,460 INFO  TomcatEmbeddedServletContainer [TomcatEmbeddedServletContainer.java:89] Tomcat initialized with port(s): 8082 (http)
2017-08-04 09:22:49,468 INFO  StandardService [DirectJDKLog.java:179] Starting service [Tomcat]
2017-08-04 09:22:49,469 INFO  StandardEngine [DirectJDKLog.java:179] Starting Servlet Engine: Apache Tomcat/8.5.16
2017-08-04 09:22:49,539 INFO  [/resource-server] [DirectJDKLog.java:179] Initializing Spring embedded WebApplicationContext
2017-08-04 09:22:49,540 DEBUG ContextLoader [EmbeddedWebApplicationContext.java:268] Published root WebApplicationContext as ServletContext attribute with name [org.springframework.web.context.WebApplicationContext.ROOT]
2017-08-04 09:22:49,540 INFO  ContextLoader [EmbeddedWebApplicationContext.java:276] Root WebApplicationContext: initialization completed in 1531 ms
2017-08-04 09:22:49,663 INFO  FilterRegistrationBean [AbstractFilterRegistrationBean.java:258] Mapping filter: 'characterEncodingFilter' to: [/*]
2017-08-04 09:22:49,664 INFO  FilterRegistrationBean [AbstractFilterRegistrationBean.java:258] Mapping filter: 'hiddenHttpMethodFilter' to: [/*]
2017-08-04 09:22:49,664 INFO  FilterRegistrationBean [AbstractFilterRegistrationBean.java:258] Mapping filter: 'httpPutFormContentFilter' to: [/*]
2017-08-04 09:22:49,664 INFO  FilterRegistrationBean [AbstractFilterRegistrationBean.java:258] Mapping filter: 'requestContextFilter' to: [/*]
2017-08-04 09:22:49,665 INFO  DelegatingFilterProxyRegistrationBean [AbstractFilterRegistrationBean.java:258] Mapping filter: 'springSecurityFilterChain' to: [/*]
2017-08-04 09:22:49,665 INFO  FilterRegistrationBean [AbstractFilterRegistrationBean.java:258] Mapping filter: 'simpleCORSFilter' to: [/*]
2017-08-04 09:22:49,666 INFO  ServletRegistrationBean [ServletRegistrationBean.java:190] Mapping servlet: 'dispatcherServlet' to [/]
2017-08-04 09:22:49,686 DEBUG StandardServletEnvironment [MutablePropertySources.java:174] Replacing [servletContextInitParams] PropertySource with [servletContextInitParams]
2017-08-04 09:22:49,703 WARN  AnnotationConfigEmbeddedWebApplicationContext [AbstractApplicationContext.java:551] Exception encountered during context initialization - cancelling refresh attempt: org.springframework.beans.factory.UnsatisfiedDependencyException: Error creating bean with name 'candidateController': Unsatisfied dependency expressed through field 'service'; nested exception is org.springframework.beans.factory.UnsatisfiedDependencyException: Error creating bean with name 'candidateServiceImpl': Unsatisfied dependency expressed through field 'dao'; nested exception is org.springframework.beans.factory.UnsatisfiedDependencyException: Error creating bean with name 'candidateDaoImpl': Unsatisfied dependency expressed through field 'jdbcTemplate'; nested exception is org.springframework.beans.factory.NoSuchBeanDefinitionException: No qualifying bean of type 'org.springframework.jdbc.core.JdbcTemplate' available: expected at least 1 bean which qualifies as autowire candidate. Dependency annotations: {@org.springframework.beans.factory.annotation.Autowired(required=true)}
2017-08-04 09:22:49,705 INFO  StandardService [DirectJDKLog.java:179] Stopping service [Tomcat]
2017-08-04 09:22:49,719 INFO  AutoConfigurationReportLoggingInitializer [AutoConfigurationReportLoggingInitializer.java:101] 

Error starting ApplicationContext. To display the auto-configuration report re-run your application with 'debug' enabled.
2017-08-04 09:22:49,796 ERROR LoggingFailureAnalysisReporter [LoggingFailureAnalysisReporter.java:42] 

***************************
APPLICATION FAILED TO START
***************************

Description:

Field jdbcTemplate in mrigor.dao.jdbc.CandidateDaoImpl required a bean of type 'org.springframework.jdbc.core.JdbcTemplate' that could not be found.
	- Bean method 'jdbcTemplate' not loaded because @ConditionalOnSingleCandidate (types: javax.sql.DataSource; SearchStrategy: all) did not find any beans


Action:

Consider revisiting the conditions above or defining a bean of type 'org.springframework.jdbc.core.JdbcTemplate' in your configuration.

2017-08-04 09:23:59,931 DEBUG StandardServletEnvironment [MutablePropertySources.java:109] Adding [servletConfigInitParams] PropertySource with lowest search precedence
2017-08-04 09:23:59,953 DEBUG StandardServletEnvironment [MutablePropertySources.java:109] Adding [servletContextInitParams] PropertySource with lowest search precedence
2017-08-04 09:23:59,954 DEBUG StandardServletEnvironment [MutablePropertySources.java:109] Adding [systemProperties] PropertySource with lowest search precedence
2017-08-04 09:23:59,954 DEBUG StandardServletEnvironment [MutablePropertySources.java:109] Adding [systemEnvironment] PropertySource with lowest search precedence
2017-08-04 09:23:59,954 DEBUG StandardServletEnvironment [AbstractEnvironment.java:124] Initialized StandardServletEnvironment with PropertySources [servletConfigInitParams,servletContextInitParams,systemProperties,systemEnvironment]
2017-08-04 09:24:00,038 INFO  ResourceServerApplication [StartupInfoLogger.java:48] Starting ResourceServerApplication on IgorPEO with PID 4856 (D:\projects\new2\ssoTemplate\resource-server\target\classes started by Igor in D:\projects\new2\ssoTemplate)
2017-08-04 09:24:00,039 INFO  ResourceServerApplication [SpringApplication.java:593] No active profile set, falling back to default profiles: default
2017-08-04 09:24:00,195 INFO  AnnotationConfigEmbeddedWebApplicationContext [AbstractApplicationContext.java:583] Refreshing org.springframework.boot.context.embedded.AnnotationConfigEmbeddedWebApplicationContext@2ea6137: startup date [Fri Aug 04 09:24:00 EET 2017]; root of context hierarchy
2017-08-04 09:24:00,250 DEBUG StandardServletEnvironment [MutablePropertySources.java:109] Adding [class path resource [sql.properties]] PropertySource with lowest search precedence
2017-08-04 09:24:00,296 INFO  Version [Version.java:30] HV000001: Hibernate Validator 5.3.5.Final
2017-08-04 09:24:01,014 DEBUG StandardServletEnvironment [MutablePropertySources.java:137] Adding [applicationConfig: [classpath:/application.properties]] PropertySource with search precedence immediately lower than [applicationConfigurationProperties]
2017-08-04 09:24:01,014 DEBUG StandardServletEnvironment [MutablePropertySources.java:159] Removing [applicationConfigurationProperties] PropertySource
2017-08-04 09:24:01,014 DEBUG StandardServletEnvironment [MutablePropertySources.java:159] Removing [defaultProperties] PropertySource
2017-08-04 09:24:01,345 INFO  TomcatEmbeddedServletContainer [TomcatEmbeddedServletContainer.java:89] Tomcat initialized with port(s): 8082 (http)
2017-08-04 09:24:01,353 INFO  StandardService [DirectJDKLog.java:179] Starting service [Tomcat]
2017-08-04 09:24:01,353 INFO  StandardEngine [DirectJDKLog.java:179] Starting Servlet Engine: Apache Tomcat/8.5.16
2017-08-04 09:24:01,422 INFO  [/resource-server] [DirectJDKLog.java:179] Initializing Spring embedded WebApplicationContext
2017-08-04 09:24:01,422 DEBUG ContextLoader [EmbeddedWebApplicationContext.java:268] Published root WebApplicationContext as ServletContext attribute with name [org.springframework.web.context.WebApplicationContext.ROOT]
2017-08-04 09:24:01,422 INFO  ContextLoader [EmbeddedWebApplicationContext.java:276] Root WebApplicationContext: initialization completed in 1230 ms
2017-08-04 09:24:01,546 INFO  FilterRegistrationBean [AbstractFilterRegistrationBean.java:258] Mapping filter: 'characterEncodingFilter' to: [/*]
2017-08-04 09:24:01,546 INFO  FilterRegistrationBean [AbstractFilterRegistrationBean.java:258] Mapping filter: 'hiddenHttpMethodFilter' to: [/*]
2017-08-04 09:24:01,546 INFO  FilterRegistrationBean [AbstractFilterRegistrationBean.java:258] Mapping filter: 'httpPutFormContentFilter' to: [/*]
2017-08-04 09:24:01,547 INFO  FilterRegistrationBean [AbstractFilterRegistrationBean.java:258] Mapping filter: 'requestContextFilter' to: [/*]
2017-08-04 09:24:01,547 INFO  DelegatingFilterProxyRegistrationBean [AbstractFilterRegistrationBean.java:258] Mapping filter: 'springSecurityFilterChain' to: [/*]
2017-08-04 09:24:01,547 INFO  FilterRegistrationBean [AbstractFilterRegistrationBean.java:258] Mapping filter: 'simpleCORSFilter' to: [/*]
2017-08-04 09:24:01,548 INFO  ServletRegistrationBean [ServletRegistrationBean.java:190] Mapping servlet: 'dispatcherServlet' to [/]
2017-08-04 09:24:01,570 DEBUG StandardServletEnvironment [MutablePropertySources.java:174] Replacing [servletContextInitParams] PropertySource with [servletContextInitParams]
2017-08-04 09:24:01,587 WARN  AnnotationConfigEmbeddedWebApplicationContext [AbstractApplicationContext.java:551] Exception encountered during context initialization - cancelling refresh attempt: org.springframework.beans.factory.UnsatisfiedDependencyException: Error creating bean with name 'candidateController': Unsatisfied dependency expressed through field 'service'; nested exception is org.springframework.beans.factory.UnsatisfiedDependencyException: Error creating bean with name 'candidateServiceImpl': Unsatisfied dependency expressed through field 'dao'; nested exception is org.springframework.beans.factory.UnsatisfiedDependencyException: Error creating bean with name 'candidateDaoImpl': Unsatisfied dependency expressed through field 'jdbcTemplate'; nested exception is org.springframework.beans.factory.NoSuchBeanDefinitionException: No qualifying bean of type 'org.springframework.jdbc.core.JdbcTemplate' available: expected at least 1 bean which qualifies as autowire candidate. Dependency annotations: {@org.springframework.beans.factory.annotation.Autowired(required=true)}
2017-08-04 09:24:01,589 INFO  StandardService [DirectJDKLog.java:179] Stopping service [Tomcat]
2017-08-04 09:24:01,604 INFO  AutoConfigurationReportLoggingInitializer [AutoConfigurationReportLoggingInitializer.java:101] 

Error starting ApplicationContext. To display the auto-configuration report re-run your application with 'debug' enabled.
2017-08-04 09:24:01,683 ERROR LoggingFailureAnalysisReporter [LoggingFailureAnalysisReporter.java:42] 

***************************
APPLICATION FAILED TO START
***************************

Description:

Field jdbcTemplate in mrigor.dao.jdbc.CandidateDaoImpl required a bean of type 'org.springframework.jdbc.core.JdbcTemplate' that could not be found.
	- Bean method 'jdbcTemplate' not loaded because @ConditionalOnSingleCandidate (types: javax.sql.DataSource; SearchStrategy: all) did not find any beans


Action:

Consider revisiting the conditions above or defining a bean of type 'org.springframework.jdbc.core.JdbcTemplate' in your configuration.

